<?xml version="1.0" encoding="UTF-8"?>
<!-- Generated by org.testng.reporters.JUnitXMLReporter -->
<testsuite ignored="0" hostname="DESKTOP-440KVED" failures="0" tests="20" name="Test" time="35.89" errors="0" timestamp="2024-03-25T22:09:05 IST">
  <testcase classname="org.end.Project" name="fillTextBox" time="1.53"/>
  <testcase classname="org.end.Project" name="radioButton" time="0.179"/>
  <testcase classname="org.end.Project" name="checkBox" time="0.704"/>
  <testcase classname="org.end.Project" name="dropDown" time="0.248"/>
  <testcase classname="org.end.Project" name="selectable" time="0.381"/>
  <testcase classname="org.end.Project" name="calendarDate" time="0.363"/>
  <testcase classname="org.end.Project" name="opencartLink" time="6.58"/>
  <testcase classname="org.end.Project" name="orangeHrmLink" time="7.653"/>
  <testcase classname="org.end.Project" name="postsAtomLink" time="0.711"/>
  <testcase classname="org.end.Project" name="table" time="0.664"/>
  <testcase classname="org.end.Project" name="paginationTable" time="0.569"/>
  <testcase classname="org.end.Project" name="tabsLink" time="1.355"/>
  <testcase classname="org.end.Project" name="newBrowserWindow" time="0.313"/>
  <testcase classname="org.end.Project" name="jsAlert" time="0.817"/>
  <testcase classname="org.end.Project" name="doubleClick" time="0.316"/>
  <testcase classname="org.end.Project" name="dragAndDrop" time="0.338"/>
  <testcase classname="org.end.Project" name="sliderBar" time="0.471"/>
  <testcase classname="org.end.Project" name="frames" time="7.181"/>
  <testcase classname="org.end.Project" name="reSize" time="0.481"/>
  <testcase classname="org.end.Project" name="homeButton" time="4.645"/>
</testsuite> <!-- Test -->
