<?xml version="1.0" encoding="UTF-8"?>
<!-- Generated by org.testng.reporters.JUnitXMLReporter -->
<testsuite ignored="0" hostname="DESKTOP-440KVED" failures="0" tests="20" name="Test Case" time="37.674" errors="0" timestamp="2024-03-28T09:36:25 IST">
  <testcase classname="org.end.Project" name="fillTextBox" time="1.619"/>
  <testcase classname="org.end.Project" name="radioButton" time="0.165"/>
  <testcase classname="org.end.Project" name="checkBox" time="0.66"/>
  <testcase classname="org.end.Project" name="dropDown" time="0.273"/>
  <testcase classname="org.end.Project" name="selectable" time="0.36"/>
  <testcase classname="org.end.Project" name="calendarDate" time="0.367"/>
  <testcase classname="org.end.Project" name="opencartLink" time="7.329"/>
  <testcase classname="org.end.Project" name="orangeHrmLink" time="10.254"/>
  <testcase classname="org.end.Project" name="postsAtomLink" time="0.768"/>
  <testcase classname="org.end.Project" name="table" time="0.6"/>
  <testcase classname="org.end.Project" name="paginationTable" time="0.517"/>
  <testcase classname="org.end.Project" name="tabsLink" time="1.003"/>
  <testcase classname="org.end.Project" name="newBrowserWindow" time="0.764"/>
  <testcase classname="org.end.Project" name="jsAlert" time="0.737"/>
  <testcase classname="org.end.Project" name="doubleClick" time="0.376"/>
  <testcase classname="org.end.Project" name="dragAndDrop" time="0.379"/>
  <testcase classname="org.end.Project" name="sliderBar" time="0.484"/>
  <testcase classname="org.end.Project" name="frames" time="5.038"/>
  <testcase classname="org.end.Project" name="reSize" time="0.542"/>
  <testcase classname="org.end.Project" name="homeButton" time="5.136"/>
</testsuite> <!-- Test Case -->
