<?xml version="1.0" encoding="UTF-8"?>
<testng-results ignored="0" total="20" passed="20" failed="0" skipped="0">
  <reporter-output>
  </reporter-output>
  <suite started-at="2024-03-28T09:35:47 IST" name="Suite" finished-at="2024-03-28T09:36:25 IST" duration-ms="37674">
    <groups>
    </groups>
    <test started-at="2024-03-28T09:35:47 IST" name="Test Case" finished-at="2024-03-28T09:36:25 IST" duration-ms="37674">
      <class name="org.end.Project">
        <test-method is-config="true" signature="launchBrowser(java.lang.String)[pri:0, instance:org.end.Project@647e447]" started-at="2024-03-28T09:35:34 IST" name="launchBrowser" finished-at="2024-03-28T09:35:47 IST" duration-ms="12930" status="PASS">
          <params>
            <param index="0">
              <value>
                <![CDATA[https://testautomationpractice.blogspot.com/]]>
              </value>
            </param>
          </params>
          <reporter-output>
          </reporter-output>
        </test-method> <!-- launchBrowser -->
        <test-method signature="fillTextBox(java.lang.String,java.lang.String,java.lang.String,java.lang.String)[pri:0, instance:org.end.Project@647e447]" started-at="2024-03-28T09:35:47 IST" name="fillTextBox" finished-at="2024-03-28T09:35:49 IST" duration-ms="1619" status="PASS">
          <params>
            <param index="0">
              <value>
                <![CDATA[Jaiarunprakash]]>
              </value>
            </param>
            <param index="1">
              <value>
                <![CDATA[jaiarun45@gmail.com]]>
              </value>
            </param>
            <param index="2">
              <value>
                <![CDATA[9876543210]]>
              </value>
            </param>
            <param index="3">
              <value>
                <![CDATA[1/404,Tambaram, Chennai-600059, TamilNadu India]]>
              </value>
            </param>
          </params>
          <reporter-output>
          </reporter-output>
        </test-method> <!-- fillTextBox -->
        <test-method signature="radioButton()[pri:1, instance:org.end.Project@647e447]" started-at="2024-03-28T09:35:49 IST" name="radioButton" finished-at="2024-03-28T09:35:49 IST" duration-ms="165" status="PASS">
          <reporter-output>
          </reporter-output>
        </test-method> <!-- radioButton -->
        <test-method signature="checkBox()[pri:2, instance:org.end.Project@647e447]" started-at="2024-03-28T09:35:49 IST" name="checkBox" finished-at="2024-03-28T09:35:50 IST" duration-ms="660" status="PASS">
          <reporter-output>
          </reporter-output>
        </test-method> <!-- checkBox -->
        <test-method signature="dropDown(java.lang.String)[pri:3, instance:org.end.Project@647e447]" started-at="2024-03-28T09:35:50 IST" name="dropDown" finished-at="2024-03-28T09:35:50 IST" duration-ms="273" status="PASS">
          <params>
            <param index="0">
              <value>
                <![CDATA[india]]>
              </value>
            </param>
          </params>
          <reporter-output>
          </reporter-output>
        </test-method> <!-- dropDown -->
        <test-method signature="selectable()[pri:4, instance:org.end.Project@647e447]" started-at="2024-03-28T09:35:50 IST" name="selectable" finished-at="2024-03-28T09:35:50 IST" duration-ms="360" status="PASS">
          <reporter-output>
          </reporter-output>
        </test-method> <!-- selectable -->
        <test-method signature="calendarDate()[pri:5, instance:org.end.Project@647e447]" started-at="2024-03-28T09:35:50 IST" name="calendarDate" finished-at="2024-03-28T09:35:51 IST" duration-ms="367" status="PASS">
          <reporter-output>
          </reporter-output>
        </test-method> <!-- calendarDate -->
        <test-method signature="opencartLink(java.lang.String)[pri:6, instance:org.end.Project@647e447]" started-at="2024-03-28T09:35:51 IST" name="opencartLink" finished-at="2024-03-28T09:35:58 IST" duration-ms="7329" status="PASS">
          <params>
            <param index="0">
              <value>
                <![CDATA[https://demo.opencart.com/]]>
              </value>
            </param>
          </params>
          <reporter-output>
          </reporter-output>
        </test-method> <!-- opencartLink -->
        <test-method signature="orangeHrmLink(java.lang.String)[pri:7, instance:org.end.Project@647e447]" started-at="2024-03-28T09:35:58 IST" name="orangeHrmLink" finished-at="2024-03-28T09:36:08 IST" duration-ms="10254" status="PASS">
          <params>
            <param index="0">
              <value>
                <![CDATA[https://opensource-demo.orangehrmlive.com/web/index.php/auth/login]]>
              </value>
            </param>
          </params>
          <reporter-output>
          </reporter-output>
        </test-method> <!-- orangeHrmLink -->
        <test-method signature="postsAtomLink()[pri:8, instance:org.end.Project@647e447]" started-at="2024-03-28T09:36:08 IST" name="postsAtomLink" finished-at="2024-03-28T09:36:09 IST" duration-ms="768" status="PASS">
          <reporter-output>
          </reporter-output>
        </test-method> <!-- postsAtomLink -->
        <test-method signature="table()[pri:9, instance:org.end.Project@647e447]" started-at="2024-03-28T09:36:09 IST" name="table" finished-at="2024-03-28T09:36:10 IST" duration-ms="600" status="PASS">
          <reporter-output>
          </reporter-output>
        </test-method> <!-- table -->
        <test-method signature="paginationTable()[pri:10, instance:org.end.Project@647e447]" started-at="2024-03-28T09:36:10 IST" name="paginationTable" finished-at="2024-03-28T09:36:10 IST" duration-ms="517" status="PASS">
          <reporter-output>
          </reporter-output>
        </test-method> <!-- paginationTable -->
        <test-method signature="tabsLink(java.lang.String)[pri:11, instance:org.end.Project@647e447]" started-at="2024-03-28T09:36:10 IST" name="tabsLink" finished-at="2024-03-28T09:36:11 IST" duration-ms="1003" status="PASS">
          <params>
            <param index="0">
              <value>
                <![CDATA[Selenium]]>
              </value>
            </param>
          </params>
          <reporter-output>
          </reporter-output>
        </test-method> <!-- tabsLink -->
        <test-method signature="newBrowserWindow()[pri:12, instance:org.end.Project@647e447]" started-at="2024-03-28T09:36:11 IST" name="newBrowserWindow" finished-at="2024-03-28T09:36:12 IST" duration-ms="764" status="PASS">
          <reporter-output>
          </reporter-output>
        </test-method> <!-- newBrowserWindow -->
        <test-method signature="jsAlert(java.lang.String)[pri:13, instance:org.end.Project@647e447]" started-at="2024-03-28T09:36:12 IST" name="jsAlert" finished-at="2024-03-28T09:36:13 IST" duration-ms="737" status="PASS">
          <params>
            <param index="0">
              <value>
                <![CDATA[Automation Testing]]>
              </value>
            </param>
          </params>
          <reporter-output>
          </reporter-output>
        </test-method> <!-- jsAlert -->
        <test-method signature="doubleClick()[pri:14, instance:org.end.Project@647e447]" started-at="2024-03-28T09:36:13 IST" name="doubleClick" finished-at="2024-03-28T09:36:13 IST" duration-ms="376" status="PASS">
          <reporter-output>
          </reporter-output>
        </test-method> <!-- doubleClick -->
        <test-method signature="dragAndDrop()[pri:15, instance:org.end.Project@647e447]" started-at="2024-03-28T09:36:13 IST" name="dragAndDrop" finished-at="2024-03-28T09:36:14 IST" duration-ms="379" status="PASS">
          <reporter-output>
          </reporter-output>
        </test-method> <!-- dragAndDrop -->
        <test-method signature="sliderBar()[pri:16, instance:org.end.Project@647e447]" started-at="2024-03-28T09:36:14 IST" name="sliderBar" finished-at="2024-03-28T09:36:14 IST" duration-ms="484" status="PASS">
          <reporter-output>
          </reporter-output>
        </test-method> <!-- sliderBar -->
        <test-method signature="frames(java.lang.String)[pri:17, instance:org.end.Project@647e447]" started-at="2024-03-28T09:36:14 IST" name="frames" finished-at="2024-03-28T09:36:19 IST" duration-ms="5038" status="PASS">
          <params>
            <param index="0">
              <value>
                <![CDATA[JAIARUNPRAKASH]]>
              </value>
            </param>
          </params>
          <reporter-output>
          </reporter-output>
        </test-method> <!-- frames -->
        <test-method signature="reSize()[pri:18, instance:org.end.Project@647e447]" started-at="2024-03-28T09:36:19 IST" name="reSize" finished-at="2024-03-28T09:36:20 IST" duration-ms="542" status="PASS">
          <reporter-output>
          </reporter-output>
        </test-method> <!-- reSize -->
        <test-method signature="homeButton()[pri:19, instance:org.end.Project@647e447]" started-at="2024-03-28T09:36:20 IST" name="homeButton" finished-at="2024-03-28T09:36:25 IST" duration-ms="5136" status="PASS">
          <reporter-output>
          </reporter-output>
        </test-method> <!-- homeButton -->
        <test-method is-config="true" signature="closeBrowser()[pri:0, instance:org.end.Project@647e447]" started-at="2024-03-28T09:36:25 IST" name="closeBrowser" finished-at="2024-03-28T09:36:27 IST" duration-ms="1725" status="PASS">
          <reporter-output>
          </reporter-output>
        </test-method> <!-- closeBrowser -->
      </class> <!-- org.end.Project -->
    </test> <!-- Test Case -->
  </suite> <!-- Suite -->
</testng-results>
